#
# A fatal error has been detected by the Java Runtime Environment:
#
#  SIGSEGV (0xb) at pc=0x00007f99ad6d5393, pid=25980, tid=25996
#
# JRE version: OpenJDK Runtime Environment (16.0.1+9) (build 16.0.1+9-24)
# Java VM: OpenJDK 64-Bit Server VM (16.0.1+9-24, mixed mode, tiered, compressed oops, compressed class ptrs, g1 gc, linux-amd64)
# Problematic frame:
# C  [libjimage.so+0x4393]  ImageStrings::find(Endian*, char const*, int*, unsigned int)+0x63
#
# Core dump will be written. Default location: Core dumps may be processed with "/usr/share/apport/apport %p %s %c %d %P %E" (or dumping to /home/sd/code/project/core.25980)
#
# If you would like to submit a bug report, please visit:
#   https://bugreport.java.com/bugreport/crash.jsp
#

---------------  S U M M A R Y ------------

Command Line: -XX:+ShowCodeDetailsInExceptionMessages -agentlib:jdwp=transport=dt_socket,suspend=y,address=localhost:34169 -Dcom.sun.management.jmxremote -Dcom.sun.management.jmxremote.port=38301 -Dcom.sun.management.jmxremote.authenticate=false -Dcom.sun.management.jmxremote.ssl=false -Djava.rmi.server.hostname=localhost -Dspring.jmx.enabled=true -Dspring.application.admin.enabled=true -XX:TieredStopAtLevel=1 -Dspring.boot.project.name=project -javaagent:/home/sd/code/spring-tool-suite-4-4.11.0.RELEASE-e4.20.0-linux.gtk.x86_64/sts-4.11.0.RELEASE/configuration/org.eclipse.osgi/253/0/.cp/lib/javaagent-shaded.jar -Dfile.encoding=UTF-8 com.recruitment.project.ProjectApplication --spring.output.ansi.enabled=always

Host: Intel(R) Core(TM) i5-6200U CPU @ 2.30GHz, 4 cores, 7G, Ubuntu 20.04.3 LTS
Time: Sun Feb 27 19:58:01 2022 IST elapsed time: 12612.466539 seconds (0d 3h 30m 12s)

---------------  T H R E A D  ---------------

Current thread (0x00007f99a81a5bd0):  JavaThread "Signal Dispatcher" daemon [_thread_in_vm, id=25996, stack(0x00007f9990aff000,0x00007f9990c00000)]

Stack: [0x00007f9990aff000,0x00007f9990c00000],  sp=0x00007f9990bfd1f0,  free space=1016k
Native frames: (J=compiled Java code, A=aot compiled Java code, j=interpreted, Vv=VM code, C=native code)
C  [libjimage.so+0x4393]  ImageStrings::find(Endian*, char const*, int*, unsigned int)+0x63
C  [libjimage.so+0x50de]  ImageFileReader::find_location_index(char const*, unsigned long long*) const+0x3e
C  [libjimage.so+0x55bc]  JIMAGE_FindResource+0xfc
V  [libjvm.so+0x55f051]